[2023-07-22T16:13:55.172+0000] {processor.py:156} INFO - Started process (PID=1326) to work on /opt/airflow/dags/ex_python.py
[2023-07-22T16:13:55.177+0000] {processor.py:758} INFO - Processing file /opt/airflow/dags/ex_python.py for tasks to queue
[2023-07-22T16:13:55.193+0000] {logging_mixin.py:117} INFO - [2023-07-22T16:13:55.193+0000] {dagbag.py:525} INFO - Filling up the DagBag from /opt/airflow/dags/ex_python.py
[2023-07-22T16:13:55.544+0000] {processor.py:768} INFO - DAG(s) dict_keys(['python_ex']) retrieved from /opt/airflow/dags/ex_python.py
[2023-07-22T16:13:56.383+0000] {logging_mixin.py:117} INFO - [2023-07-22T16:13:56.382+0000] {manager.py:507} INFO - Created Permission View: can edit on DAG:python_ex
[2023-07-22T16:13:56.407+0000] {logging_mixin.py:117} INFO - [2023-07-22T16:13:56.406+0000] {manager.py:507} INFO - Created Permission View: can delete on DAG:python_ex
[2023-07-22T16:13:56.426+0000] {logging_mixin.py:117} INFO - [2023-07-22T16:13:56.425+0000] {manager.py:507} INFO - Created Permission View: can read on DAG:python_ex
[2023-07-22T16:13:56.427+0000] {logging_mixin.py:117} INFO - [2023-07-22T16:13:56.427+0000] {dag.py:2573} INFO - Sync 1 DAGs
[2023-07-22T16:13:56.451+0000] {logging_mixin.py:117} INFO - [2023-07-22T16:13:56.450+0000] {dag.py:2594} INFO - Creating ORM DAG for python_ex
[2023-07-22T16:13:56.474+0000] {logging_mixin.py:117} INFO - [2023-07-22T16:13:56.473+0000] {dag.py:3328} INFO - Setting next_dagrun for python_ex to 2023-03-20T00:00:00+00:00, run_after=2023-03-21T00:00:00+00:00
[2023-07-22T16:13:56.527+0000] {processor.py:178} INFO - Processing /opt/airflow/dags/ex_python.py took 1.361 seconds
[2023-07-22T16:14:05.824+0000] {processor.py:156} INFO - Started process (PID=1346) to work on /opt/airflow/dags/ex_python.py
[2023-07-22T16:14:05.829+0000] {processor.py:758} INFO - Processing file /opt/airflow/dags/ex_python.py for tasks to queue
[2023-07-22T16:14:05.854+0000] {logging_mixin.py:117} INFO - [2023-07-22T16:14:05.853+0000] {dagbag.py:525} INFO - Filling up the DagBag from /opt/airflow/dags/ex_python.py
[2023-07-22T16:14:06.186+0000] {processor.py:768} INFO - DAG(s) dict_keys(['python_ex']) retrieved from /opt/airflow/dags/ex_python.py
[2023-07-22T16:14:06.313+0000] {logging_mixin.py:117} INFO - [2023-07-22T16:14:06.312+0000] {dag.py:2573} INFO - Sync 1 DAGs
[2023-07-22T16:14:06.374+0000] {logging_mixin.py:117} INFO - [2023-07-22T16:14:06.374+0000] {dag.py:3328} INFO - Setting next_dagrun for python_ex to 2023-03-20T00:00:00+00:00, run_after=2023-03-21T00:00:00+00:00
[2023-07-22T16:14:06.532+0000] {processor.py:178} INFO - Processing /opt/airflow/dags/ex_python.py took 0.726 seconds
[2023-07-22T16:14:36.877+0000] {processor.py:156} INFO - Started process (PID=1376) to work on /opt/airflow/dags/ex_python.py
[2023-07-22T16:14:36.880+0000] {processor.py:758} INFO - Processing file /opt/airflow/dags/ex_python.py for tasks to queue
[2023-07-22T16:14:36.885+0000] {logging_mixin.py:117} INFO - [2023-07-22T16:14:36.884+0000] {dagbag.py:525} INFO - Filling up the DagBag from /opt/airflow/dags/ex_python.py
[2023-07-22T16:14:36.951+0000] {processor.py:768} INFO - DAG(s) dict_keys(['python_ex']) retrieved from /opt/airflow/dags/ex_python.py
[2023-07-22T16:14:37.062+0000] {logging_mixin.py:117} INFO - [2023-07-22T16:14:37.062+0000] {dag.py:2573} INFO - Sync 1 DAGs
[2023-07-22T16:14:37.121+0000] {logging_mixin.py:117} INFO - [2023-07-22T16:14:37.121+0000] {dag.py:3328} INFO - Setting next_dagrun for python_ex to 2023-03-20T00:00:00+00:00, run_after=2023-03-21T00:00:00+00:00
[2023-07-22T16:14:37.147+0000] {processor.py:178} INFO - Processing /opt/airflow/dags/ex_python.py took 0.277 seconds
[2023-07-22T16:14:42.922+0000] {processor.py:156} INFO - Started process (PID=1396) to work on /opt/airflow/dags/ex_python.py
[2023-07-22T16:14:42.925+0000] {processor.py:758} INFO - Processing file /opt/airflow/dags/ex_python.py for tasks to queue
[2023-07-22T16:14:42.927+0000] {logging_mixin.py:117} INFO - [2023-07-22T16:14:42.927+0000] {dagbag.py:525} INFO - Filling up the DagBag from /opt/airflow/dags/ex_python.py
[2023-07-22T16:14:43.001+0000] {processor.py:768} INFO - DAG(s) dict_keys(['python_ex']) retrieved from /opt/airflow/dags/ex_python.py
[2023-07-22T16:14:43.409+0000] {logging_mixin.py:117} INFO - [2023-07-22T16:14:43.409+0000] {dag.py:2573} INFO - Sync 1 DAGs
[2023-07-22T16:14:43.748+0000] {logging_mixin.py:117} INFO - [2023-07-22T16:14:43.747+0000] {dag.py:3328} INFO - Setting next_dagrun for python_ex to 2023-03-20T00:00:00+00:00, run_after=2023-03-21T00:00:00+00:00
[2023-07-22T16:14:43.844+0000] {processor.py:178} INFO - Processing /opt/airflow/dags/ex_python.py took 0.932 seconds
[2023-07-22T16:15:14.209+0000] {processor.py:156} INFO - Started process (PID=1428) to work on /opt/airflow/dags/ex_python.py
[2023-07-22T16:15:14.217+0000] {processor.py:758} INFO - Processing file /opt/airflow/dags/ex_python.py for tasks to queue
[2023-07-22T16:15:14.221+0000] {logging_mixin.py:117} INFO - [2023-07-22T16:15:14.221+0000] {dagbag.py:525} INFO - Filling up the DagBag from /opt/airflow/dags/ex_python.py
[2023-07-22T16:15:14.310+0000] {processor.py:768} INFO - DAG(s) dict_keys(['python_ex']) retrieved from /opt/airflow/dags/ex_python.py
[2023-07-22T16:15:14.424+0000] {logging_mixin.py:117} INFO - [2023-07-22T16:15:14.423+0000] {dag.py:2573} INFO - Sync 1 DAGs
[2023-07-22T16:15:14.507+0000] {logging_mixin.py:117} INFO - [2023-07-22T16:15:14.507+0000] {dag.py:3328} INFO - Setting next_dagrun for python_ex to 2023-03-20T00:00:00+00:00, run_after=2023-03-21T00:00:00+00:00
[2023-07-22T16:15:14.541+0000] {processor.py:178} INFO - Processing /opt/airflow/dags/ex_python.py took 0.346 seconds
[2023-07-22T16:15:45.870+0000] {processor.py:156} INFO - Started process (PID=1466) to work on /opt/airflow/dags/ex_python.py
[2023-07-22T16:15:45.910+0000] {processor.py:758} INFO - Processing file /opt/airflow/dags/ex_python.py for tasks to queue
[2023-07-22T16:15:46.111+0000] {logging_mixin.py:117} INFO - [2023-07-22T16:15:45.962+0000] {dagbag.py:525} INFO - Filling up the DagBag from /opt/airflow/dags/ex_python.py
[2023-07-22T16:15:46.374+0000] {processor.py:768} INFO - DAG(s) dict_keys(['python_ex']) retrieved from /opt/airflow/dags/ex_python.py
[2023-07-22T16:15:46.464+0000] {logging_mixin.py:117} INFO - [2023-07-22T16:15:46.464+0000] {dag.py:2573} INFO - Sync 1 DAGs
[2023-07-22T16:15:46.559+0000] {logging_mixin.py:117} INFO - [2023-07-22T16:15:46.559+0000] {dag.py:3328} INFO - Setting next_dagrun for python_ex to 2023-03-20T00:00:00+00:00, run_after=2023-03-21T00:00:00+00:00
[2023-07-22T16:15:46.620+0000] {processor.py:178} INFO - Processing /opt/airflow/dags/ex_python.py took 0.767 seconds
[2023-07-22T16:16:17.420+0000] {processor.py:156} INFO - Started process (PID=1495) to work on /opt/airflow/dags/ex_python.py
[2023-07-22T16:16:17.426+0000] {processor.py:758} INFO - Processing file /opt/airflow/dags/ex_python.py for tasks to queue
[2023-07-22T16:16:17.435+0000] {logging_mixin.py:117} INFO - [2023-07-22T16:16:17.434+0000] {dagbag.py:525} INFO - Filling up the DagBag from /opt/airflow/dags/ex_python.py
[2023-07-22T16:16:17.523+0000] {processor.py:768} INFO - DAG(s) dict_keys(['python_ex']) retrieved from /opt/airflow/dags/ex_python.py
[2023-07-22T16:16:17.637+0000] {logging_mixin.py:117} INFO - [2023-07-22T16:16:17.637+0000] {dag.py:2573} INFO - Sync 1 DAGs
[2023-07-22T16:16:17.977+0000] {logging_mixin.py:117} INFO - [2023-07-22T16:16:17.976+0000] {dag.py:3328} INFO - Setting next_dagrun for python_ex to 2023-03-20T00:00:00+00:00, run_after=2023-03-21T00:00:00+00:00
[2023-07-22T16:16:18.174+0000] {processor.py:178} INFO - Processing /opt/airflow/dags/ex_python.py took 0.874 seconds
[2023-07-22T16:16:48.826+0000] {processor.py:156} INFO - Started process (PID=1533) to work on /opt/airflow/dags/ex_python.py
[2023-07-22T16:16:48.830+0000] {processor.py:758} INFO - Processing file /opt/airflow/dags/ex_python.py for tasks to queue
[2023-07-22T16:16:48.833+0000] {logging_mixin.py:117} INFO - [2023-07-22T16:16:48.833+0000] {dagbag.py:525} INFO - Filling up the DagBag from /opt/airflow/dags/ex_python.py
[2023-07-22T16:16:48.915+0000] {processor.py:768} INFO - DAG(s) dict_keys(['python_ex']) retrieved from /opt/airflow/dags/ex_python.py
[2023-07-22T16:16:49.025+0000] {logging_mixin.py:117} INFO - [2023-07-22T16:16:49.025+0000] {dag.py:2573} INFO - Sync 1 DAGs
[2023-07-22T16:16:49.105+0000] {logging_mixin.py:117} INFO - [2023-07-22T16:16:49.104+0000] {dag.py:3328} INFO - Setting next_dagrun for python_ex to 2023-03-20T00:00:00+00:00, run_after=2023-03-21T00:00:00+00:00
[2023-07-22T16:16:49.142+0000] {processor.py:178} INFO - Processing /opt/airflow/dags/ex_python.py took 0.325 seconds
[2023-07-22T16:17:19.379+0000] {processor.py:156} INFO - Started process (PID=1562) to work on /opt/airflow/dags/ex_python.py
[2023-07-22T16:17:19.381+0000] {processor.py:758} INFO - Processing file /opt/airflow/dags/ex_python.py for tasks to queue
[2023-07-22T16:17:19.383+0000] {logging_mixin.py:117} INFO - [2023-07-22T16:17:19.383+0000] {dagbag.py:525} INFO - Filling up the DagBag from /opt/airflow/dags/ex_python.py
[2023-07-22T16:17:19.419+0000] {processor.py:768} INFO - DAG(s) dict_keys(['python_ex']) retrieved from /opt/airflow/dags/ex_python.py
[2023-07-22T16:17:19.487+0000] {logging_mixin.py:117} INFO - [2023-07-22T16:17:19.487+0000] {dag.py:2573} INFO - Sync 1 DAGs
[2023-07-22T16:17:19.525+0000] {logging_mixin.py:117} INFO - [2023-07-22T16:17:19.525+0000] {dag.py:3328} INFO - Setting next_dagrun for python_ex to 2023-03-20T00:00:00+00:00, run_after=2023-03-21T00:00:00+00:00
[2023-07-22T16:17:19.555+0000] {processor.py:178} INFO - Processing /opt/airflow/dags/ex_python.py took 0.183 seconds
[2023-07-22T16:17:49.761+0000] {processor.py:156} INFO - Started process (PID=1600) to work on /opt/airflow/dags/ex_python.py
[2023-07-22T16:17:49.765+0000] {processor.py:758} INFO - Processing file /opt/airflow/dags/ex_python.py for tasks to queue
[2023-07-22T16:17:49.767+0000] {logging_mixin.py:117} INFO - [2023-07-22T16:17:49.767+0000] {dagbag.py:525} INFO - Filling up the DagBag from /opt/airflow/dags/ex_python.py
[2023-07-22T16:17:49.807+0000] {processor.py:768} INFO - DAG(s) dict_keys(['python_ex']) retrieved from /opt/airflow/dags/ex_python.py
[2023-07-22T16:17:49.886+0000] {logging_mixin.py:117} INFO - [2023-07-22T16:17:49.886+0000] {dag.py:2573} INFO - Sync 1 DAGs
[2023-07-22T16:17:49.926+0000] {logging_mixin.py:117} INFO - [2023-07-22T16:17:49.926+0000] {dag.py:3328} INFO - Setting next_dagrun for python_ex to 2023-03-20T00:00:00+00:00, run_after=2023-03-21T00:00:00+00:00
[2023-07-22T16:17:49.956+0000] {processor.py:178} INFO - Processing /opt/airflow/dags/ex_python.py took 0.203 seconds
[2023-07-22T16:18:20.656+0000] {processor.py:156} INFO - Started process (PID=1628) to work on /opt/airflow/dags/ex_python.py
[2023-07-22T16:18:20.664+0000] {processor.py:758} INFO - Processing file /opt/airflow/dags/ex_python.py for tasks to queue
[2023-07-22T16:18:20.666+0000] {logging_mixin.py:117} INFO - [2023-07-22T16:18:20.666+0000] {dagbag.py:525} INFO - Filling up the DagBag from /opt/airflow/dags/ex_python.py
[2023-07-22T16:18:20.775+0000] {processor.py:768} INFO - DAG(s) dict_keys(['python_ex']) retrieved from /opt/airflow/dags/ex_python.py
[2023-07-22T16:18:20.917+0000] {logging_mixin.py:117} INFO - [2023-07-22T16:18:20.916+0000] {dag.py:2573} INFO - Sync 1 DAGs
[2023-07-22T16:18:21.030+0000] {logging_mixin.py:117} INFO - [2023-07-22T16:18:21.030+0000] {dag.py:3328} INFO - Setting next_dagrun for python_ex to 2023-03-20T00:00:00+00:00, run_after=2023-03-21T00:00:00+00:00
[2023-07-22T16:18:21.097+0000] {processor.py:178} INFO - Processing /opt/airflow/dags/ex_python.py took 0.456 seconds
[2023-07-22T16:18:51.701+0000] {processor.py:156} INFO - Started process (PID=1661) to work on /opt/airflow/dags/ex_python.py
[2023-07-22T16:18:51.704+0000] {processor.py:758} INFO - Processing file /opt/airflow/dags/ex_python.py for tasks to queue
[2023-07-22T16:18:51.707+0000] {logging_mixin.py:117} INFO - [2023-07-22T16:18:51.707+0000] {dagbag.py:525} INFO - Filling up the DagBag from /opt/airflow/dags/ex_python.py
[2023-07-22T16:18:51.767+0000] {processor.py:768} INFO - DAG(s) dict_keys(['python_ex']) retrieved from /opt/airflow/dags/ex_python.py
[2023-07-22T16:18:51.897+0000] {logging_mixin.py:117} INFO - [2023-07-22T16:18:51.897+0000] {dag.py:2573} INFO - Sync 1 DAGs
[2023-07-22T16:18:51.958+0000] {logging_mixin.py:117} INFO - [2023-07-22T16:18:51.958+0000] {dag.py:3328} INFO - Setting next_dagrun for python_ex to 2023-03-20T00:00:00+00:00, run_after=2023-03-21T00:00:00+00:00
[2023-07-22T16:18:51.985+0000] {processor.py:178} INFO - Processing /opt/airflow/dags/ex_python.py took 0.293 seconds
[2023-07-22T16:19:22.536+0000] {processor.py:156} INFO - Started process (PID=1690) to work on /opt/airflow/dags/ex_python.py
[2023-07-22T16:19:22.539+0000] {processor.py:758} INFO - Processing file /opt/airflow/dags/ex_python.py for tasks to queue
[2023-07-22T16:19:22.540+0000] {logging_mixin.py:117} INFO - [2023-07-22T16:19:22.540+0000] {dagbag.py:525} INFO - Filling up the DagBag from /opt/airflow/dags/ex_python.py
[2023-07-22T16:19:22.572+0000] {processor.py:768} INFO - DAG(s) dict_keys(['python_ex']) retrieved from /opt/airflow/dags/ex_python.py
[2023-07-22T16:19:22.643+0000] {logging_mixin.py:117} INFO - [2023-07-22T16:19:22.642+0000] {dag.py:2573} INFO - Sync 1 DAGs
[2023-07-22T16:19:22.682+0000] {logging_mixin.py:117} INFO - [2023-07-22T16:19:22.682+0000] {dag.py:3328} INFO - Setting next_dagrun for python_ex to 2023-03-20T00:00:00+00:00, run_after=2023-03-21T00:00:00+00:00
[2023-07-22T16:19:22.719+0000] {processor.py:178} INFO - Processing /opt/airflow/dags/ex_python.py took 0.189 seconds
[2023-07-22T16:19:53.387+0000] {processor.py:156} INFO - Started process (PID=1727) to work on /opt/airflow/dags/ex_python.py
[2023-07-22T16:19:53.415+0000] {processor.py:758} INFO - Processing file /opt/airflow/dags/ex_python.py for tasks to queue
[2023-07-22T16:19:53.429+0000] {logging_mixin.py:117} INFO - [2023-07-22T16:19:53.429+0000] {dagbag.py:525} INFO - Filling up the DagBag from /opt/airflow/dags/ex_python.py
[2023-07-22T16:19:53.821+0000] {processor.py:768} INFO - DAG(s) dict_keys(['python_ex']) retrieved from /opt/airflow/dags/ex_python.py
[2023-07-22T16:19:54.706+0000] {logging_mixin.py:117} INFO - [2023-07-22T16:19:54.701+0000] {dag.py:2573} INFO - Sync 1 DAGs
[2023-07-22T16:19:55.569+0000] {logging_mixin.py:117} INFO - [2023-07-22T16:19:55.569+0000] {dag.py:3328} INFO - Setting next_dagrun for python_ex to 2023-03-20T00:00:00+00:00, run_after=2023-03-21T00:00:00+00:00
[2023-07-22T16:19:56.033+0000] {processor.py:178} INFO - Processing /opt/airflow/dags/ex_python.py took 2.688 seconds
[2023-07-22T16:20:26.483+0000] {processor.py:156} INFO - Started process (PID=1756) to work on /opt/airflow/dags/ex_python.py
[2023-07-22T16:20:26.495+0000] {processor.py:758} INFO - Processing file /opt/airflow/dags/ex_python.py for tasks to queue
[2023-07-22T16:20:26.530+0000] {logging_mixin.py:117} INFO - [2023-07-22T16:20:26.499+0000] {dagbag.py:525} INFO - Filling up the DagBag from /opt/airflow/dags/ex_python.py
[2023-07-22T16:20:26.606+0000] {processor.py:768} INFO - DAG(s) dict_keys(['python_ex']) retrieved from /opt/airflow/dags/ex_python.py
[2023-07-22T16:20:26.767+0000] {logging_mixin.py:117} INFO - [2023-07-22T16:20:26.767+0000] {dag.py:2573} INFO - Sync 1 DAGs
[2023-07-22T16:20:26.984+0000] {logging_mixin.py:117} INFO - [2023-07-22T16:20:26.981+0000] {dag.py:3328} INFO - Setting next_dagrun for python_ex to 2023-03-20T00:00:00+00:00, run_after=2023-03-21T00:00:00+00:00
[2023-07-22T16:20:27.146+0000] {processor.py:178} INFO - Processing /opt/airflow/dags/ex_python.py took 0.692 seconds
[2023-07-22T16:20:57.580+0000] {processor.py:156} INFO - Started process (PID=1785) to work on /opt/airflow/dags/ex_python.py
[2023-07-22T16:20:57.583+0000] {processor.py:758} INFO - Processing file /opt/airflow/dags/ex_python.py for tasks to queue
[2023-07-22T16:20:57.586+0000] {logging_mixin.py:117} INFO - [2023-07-22T16:20:57.586+0000] {dagbag.py:525} INFO - Filling up the DagBag from /opt/airflow/dags/ex_python.py
[2023-07-22T16:20:57.632+0000] {processor.py:768} INFO - DAG(s) dict_keys(['python_ex']) retrieved from /opt/airflow/dags/ex_python.py
[2023-07-22T16:20:57.700+0000] {logging_mixin.py:117} INFO - [2023-07-22T16:20:57.700+0000] {dag.py:2573} INFO - Sync 1 DAGs
[2023-07-22T16:20:57.775+0000] {logging_mixin.py:117} INFO - [2023-07-22T16:20:57.775+0000] {dag.py:3328} INFO - Setting next_dagrun for python_ex to 2023-03-20T00:00:00+00:00, run_after=2023-03-21T00:00:00+00:00
[2023-07-22T16:20:57.820+0000] {processor.py:178} INFO - Processing /opt/airflow/dags/ex_python.py took 0.247 seconds
[2023-07-22T16:21:28.168+0000] {processor.py:156} INFO - Started process (PID=1820) to work on /opt/airflow/dags/ex_python.py
[2023-07-22T16:21:28.171+0000] {processor.py:758} INFO - Processing file /opt/airflow/dags/ex_python.py for tasks to queue
[2023-07-22T16:21:28.187+0000] {logging_mixin.py:117} INFO - [2023-07-22T16:21:28.180+0000] {dagbag.py:525} INFO - Filling up the DagBag from /opt/airflow/dags/ex_python.py
[2023-07-22T16:21:28.383+0000] {processor.py:768} INFO - DAG(s) dict_keys(['python_ex']) retrieved from /opt/airflow/dags/ex_python.py
[2023-07-22T16:21:28.583+0000] {logging_mixin.py:117} INFO - [2023-07-22T16:21:28.582+0000] {dag.py:2573} INFO - Sync 1 DAGs
[2023-07-22T16:21:28.948+0000] {logging_mixin.py:117} INFO - [2023-07-22T16:21:28.948+0000] {dag.py:3328} INFO - Setting next_dagrun for python_ex to 2023-03-20T00:00:00+00:00, run_after=2023-03-21T00:00:00+00:00
[2023-07-22T16:21:29.068+0000] {processor.py:178} INFO - Processing /opt/airflow/dags/ex_python.py took 0.917 seconds
[2023-07-22T16:21:59.379+0000] {processor.py:156} INFO - Started process (PID=1851) to work on /opt/airflow/dags/ex_python.py
[2023-07-22T16:21:59.381+0000] {processor.py:758} INFO - Processing file /opt/airflow/dags/ex_python.py for tasks to queue
[2023-07-22T16:21:59.383+0000] {logging_mixin.py:117} INFO - [2023-07-22T16:21:59.383+0000] {dagbag.py:525} INFO - Filling up the DagBag from /opt/airflow/dags/ex_python.py
[2023-07-22T16:21:59.419+0000] {processor.py:768} INFO - DAG(s) dict_keys(['python_ex']) retrieved from /opt/airflow/dags/ex_python.py
[2023-07-22T16:21:59.497+0000] {logging_mixin.py:117} INFO - [2023-07-22T16:21:59.496+0000] {dag.py:2573} INFO - Sync 1 DAGs
[2023-07-22T16:21:59.564+0000] {logging_mixin.py:117} INFO - [2023-07-22T16:21:59.563+0000] {dag.py:3328} INFO - Setting next_dagrun for python_ex to 2023-03-20T00:00:00+00:00, run_after=2023-03-21T00:00:00+00:00
[2023-07-22T16:21:59.612+0000] {processor.py:178} INFO - Processing /opt/airflow/dags/ex_python.py took 0.239 seconds
[2023-07-22T16:22:29.956+0000] {processor.py:156} INFO - Started process (PID=1879) to work on /opt/airflow/dags/ex_python.py
[2023-07-22T16:22:29.959+0000] {processor.py:758} INFO - Processing file /opt/airflow/dags/ex_python.py for tasks to queue
[2023-07-22T16:22:29.961+0000] {logging_mixin.py:117} INFO - [2023-07-22T16:22:29.961+0000] {dagbag.py:525} INFO - Filling up the DagBag from /opt/airflow/dags/ex_python.py
[2023-07-22T16:22:29.997+0000] {processor.py:768} INFO - DAG(s) dict_keys(['python_ex']) retrieved from /opt/airflow/dags/ex_python.py
[2023-07-22T16:22:30.053+0000] {logging_mixin.py:117} INFO - [2023-07-22T16:22:30.053+0000] {dag.py:2573} INFO - Sync 1 DAGs
[2023-07-22T16:22:30.091+0000] {logging_mixin.py:117} INFO - [2023-07-22T16:22:30.091+0000] {dag.py:3328} INFO - Setting next_dagrun for python_ex to 2023-03-20T00:00:00+00:00, run_after=2023-03-21T00:00:00+00:00
[2023-07-22T16:22:30.119+0000] {processor.py:178} INFO - Processing /opt/airflow/dags/ex_python.py took 0.166 seconds
[2023-07-22T16:23:00.359+0000] {processor.py:156} INFO - Started process (PID=1918) to work on /opt/airflow/dags/ex_python.py
[2023-07-22T16:23:00.362+0000] {processor.py:758} INFO - Processing file /opt/airflow/dags/ex_python.py for tasks to queue
[2023-07-22T16:23:00.365+0000] {logging_mixin.py:117} INFO - [2023-07-22T16:23:00.364+0000] {dagbag.py:525} INFO - Filling up the DagBag from /opt/airflow/dags/ex_python.py
[2023-07-22T16:23:00.401+0000] {processor.py:768} INFO - DAG(s) dict_keys(['python_ex']) retrieved from /opt/airflow/dags/ex_python.py
[2023-07-22T16:23:00.462+0000] {logging_mixin.py:117} INFO - [2023-07-22T16:23:00.462+0000] {dag.py:2573} INFO - Sync 1 DAGs
[2023-07-22T16:23:00.504+0000] {logging_mixin.py:117} INFO - [2023-07-22T16:23:00.504+0000] {dag.py:3328} INFO - Setting next_dagrun for python_ex to 2023-03-20T00:00:00+00:00, run_after=2023-03-21T00:00:00+00:00
[2023-07-22T16:23:00.535+0000] {processor.py:178} INFO - Processing /opt/airflow/dags/ex_python.py took 0.183 seconds
[2023-07-22T16:23:30.908+0000] {processor.py:156} INFO - Started process (PID=1948) to work on /opt/airflow/dags/ex_python.py
[2023-07-22T16:23:30.910+0000] {processor.py:758} INFO - Processing file /opt/airflow/dags/ex_python.py for tasks to queue
[2023-07-22T16:23:30.915+0000] {logging_mixin.py:117} INFO - [2023-07-22T16:23:30.914+0000] {dagbag.py:525} INFO - Filling up the DagBag from /opt/airflow/dags/ex_python.py
[2023-07-22T16:23:30.963+0000] {processor.py:768} INFO - DAG(s) dict_keys(['python_ex']) retrieved from /opt/airflow/dags/ex_python.py
[2023-07-22T16:23:31.033+0000] {logging_mixin.py:117} INFO - [2023-07-22T16:23:31.033+0000] {dag.py:2573} INFO - Sync 1 DAGs
[2023-07-22T16:23:31.086+0000] {logging_mixin.py:117} INFO - [2023-07-22T16:23:31.086+0000] {dag.py:3328} INFO - Setting next_dagrun for python_ex to 2023-03-20T00:00:00+00:00, run_after=2023-03-21T00:00:00+00:00
[2023-07-22T16:23:31.118+0000] {processor.py:178} INFO - Processing /opt/airflow/dags/ex_python.py took 0.220 seconds
