[2023-07-23T15:06:59.243+0000] {taskinstance.py:1165} INFO - Dependencies all met for <TaskInstance: BigC_assignment.step_1_insert_data scheduled__2023-07-22T00:00:00+00:00 [queued]>
[2023-07-23T15:06:59.318+0000] {taskinstance.py:1165} INFO - Dependencies all met for <TaskInstance: BigC_assignment.step_1_insert_data scheduled__2023-07-22T00:00:00+00:00 [queued]>
[2023-07-23T15:06:59.322+0000] {taskinstance.py:1362} INFO - 
--------------------------------------------------------------------------------
[2023-07-23T15:06:59.324+0000] {taskinstance.py:1363} INFO - Starting attempt 1 of 4
[2023-07-23T15:06:59.325+0000] {taskinstance.py:1364} INFO - 
--------------------------------------------------------------------------------
[2023-07-23T15:06:59.381+0000] {taskinstance.py:1383} INFO - Executing <Task(PythonOperator): step_1_insert_data> on 2023-07-22 00:00:00+00:00
[2023-07-23T15:06:59.399+0000] {standard_task_runner.py:54} INFO - Started process 1829 to run task
[2023-07-23T15:06:59.444+0000] {standard_task_runner.py:82} INFO - Running: ['***', 'tasks', 'run', 'BigC_assignment', 'step_1_insert_data', 'scheduled__2023-07-22T00:00:00+00:00', '--job-id', '5', '--raw', '--subdir', 'DAGS_FOLDER/bigc_assignment_pipeline.py', '--cfg-path', '/tmp/tmp157w7q60']
[2023-07-23T15:06:59.473+0000] {standard_task_runner.py:83} INFO - Job 5: Subtask step_1_insert_data
[2023-07-23T15:06:59.481+0000] {dagbag.py:525} INFO - Filling up the DagBag from /opt/***/dags/bigc_assignment_pipeline.py
[2023-07-23T15:07:02.956+0000] {task_command.py:384} INFO - Running <TaskInstance: BigC_assignment.step_1_insert_data scheduled__2023-07-22T00:00:00+00:00 [running]> on host 8d374bbcaaec
[2023-07-23T15:07:03.248+0000] {taskinstance.py:1592} INFO - Exporting the following env vars:
AIRFLOW_CTX_DAG_OWNER=Pitchakorn_Prasertmet
AIRFLOW_CTX_DAG_ID=BigC_assignment
AIRFLOW_CTX_TASK_ID=step_1_insert_data
AIRFLOW_CTX_EXECUTION_DATE=2023-07-22T00:00:00+00:00
AIRFLOW_CTX_TRY_NUMBER=1
AIRFLOW_CTX_DAG_RUN_ID=scheduled__2023-07-22T00:00:00+00:00
[2023-07-23T15:07:03.353+0000] {logging_mixin.py:117} INFO - (1221, 14)
[2023-07-23T15:07:06.220+0000] {logging_mixin.py:117} INFO - finished inserted 1221 records
[2023-07-23T15:07:06.238+0000] {logging_mixin.py:117} INFO - finish remove duplicate
[2023-07-23T15:07:06.239+0000] {python.py:177} INFO - Done. Returned value was: None
[2023-07-23T15:07:06.261+0000] {taskinstance.py:1406} INFO - Marking task as SUCCESS. dag_id=BigC_assignment, task_id=step_1_insert_data, execution_date=20230722T000000, start_date=20230723T150659, end_date=20230723T150706
[2023-07-23T15:07:06.325+0000] {local_task_job.py:164} INFO - Task exited with return code 0
[2023-07-23T15:07:06.362+0000] {local_task_job.py:273} INFO - 1 downstream tasks scheduled from follow-on schedule check
