[2023-07-22T16:33:10.793+0000] {taskinstance.py:1165} INFO - Dependencies all met for <TaskInstance: BigC_assignment.step_2_compare_price manual__2023-07-22T16:15:06.846029+00:00 [queued]>
[2023-07-22T16:33:10.814+0000] {taskinstance.py:1165} INFO - Dependencies all met for <TaskInstance: BigC_assignment.step_2_compare_price manual__2023-07-22T16:15:06.846029+00:00 [queued]>
[2023-07-22T16:33:10.816+0000] {taskinstance.py:1362} INFO - 
--------------------------------------------------------------------------------
[2023-07-22T16:33:10.818+0000] {taskinstance.py:1363} INFO - Starting attempt 1 of 4
[2023-07-22T16:33:10.820+0000] {taskinstance.py:1364} INFO - 
--------------------------------------------------------------------------------
[2023-07-22T16:33:10.848+0000] {taskinstance.py:1383} INFO - Executing <Task(PythonOperator): step_2_compare_price> on 2023-07-22 16:15:06.846029+00:00
[2023-07-22T16:33:10.864+0000] {standard_task_runner.py:54} INFO - Started process 2448 to run task
[2023-07-22T16:33:10.872+0000] {standard_task_runner.py:82} INFO - Running: ['***', 'tasks', 'run', 'BigC_assignment', 'step_2_compare_price', 'manual__2023-07-22T16:15:06.846029+00:00', '--job-id', '11', '--raw', '--subdir', 'DAGS_FOLDER/bigc_assignment_pipeline.py', '--cfg-path', '/tmp/tmp1phydote']
[2023-07-22T16:33:10.879+0000] {standard_task_runner.py:83} INFO - Job 11: Subtask step_2_compare_price
[2023-07-22T16:33:10.888+0000] {dagbag.py:525} INFO - Filling up the DagBag from /opt/***/dags/bigc_assignment_pipeline.py
[2023-07-22T16:33:11.740+0000] {task_command.py:384} INFO - Running <TaskInstance: BigC_assignment.step_2_compare_price manual__2023-07-22T16:15:06.846029+00:00 [running]> on host b852f19ea805
[2023-07-22T16:33:11.863+0000] {taskinstance.py:1592} INFO - Exporting the following env vars:
AIRFLOW_CTX_DAG_OWNER=Pitchakorn_Prasertmet
AIRFLOW_CTX_DAG_ID=BigC_assignment
AIRFLOW_CTX_TASK_ID=step_2_compare_price
AIRFLOW_CTX_EXECUTION_DATE=2023-07-22T16:15:06.846029+00:00
AIRFLOW_CTX_TRY_NUMBER=1
AIRFLOW_CTX_DAG_RUN_ID=manual__2023-07-22T16:15:06.846029+00:00
[2023-07-22T16:33:12.146+0000] {logging_mixin.py:117} INFO - finished inserted 206 records
[2023-07-22T16:33:12.149+0000] {python.py:177} INFO - Done. Returned value was: None
[2023-07-22T16:33:12.178+0000] {taskinstance.py:1406} INFO - Marking task as SUCCESS. dag_id=BigC_assignment, task_id=step_2_compare_price, execution_date=20230722T161506, start_date=20230722T163310, end_date=20230722T163312
[2023-07-22T16:33:12.253+0000] {local_task_job.py:164} INFO - Task exited with return code 0
[2023-07-22T16:33:12.288+0000] {local_task_job.py:273} INFO - 0 downstream tasks scheduled from follow-on schedule check
