[2023-07-22T16:33:06.700+0000] {taskinstance.py:1165} INFO - Dependencies all met for <TaskInstance: BigC_assignment.step_1_insert_data manual__2023-07-22T16:15:06.846029+00:00 [queued]>
[2023-07-22T16:33:06.725+0000] {taskinstance.py:1165} INFO - Dependencies all met for <TaskInstance: BigC_assignment.step_1_insert_data manual__2023-07-22T16:15:06.846029+00:00 [queued]>
[2023-07-22T16:33:06.726+0000] {taskinstance.py:1362} INFO - 
--------------------------------------------------------------------------------
[2023-07-22T16:33:06.729+0000] {taskinstance.py:1363} INFO - Starting attempt 2 of 5
[2023-07-22T16:33:06.731+0000] {taskinstance.py:1364} INFO - 
--------------------------------------------------------------------------------
[2023-07-22T16:33:06.762+0000] {taskinstance.py:1383} INFO - Executing <Task(PythonOperator): step_1_insert_data> on 2023-07-22 16:15:06.846029+00:00
[2023-07-22T16:33:06.777+0000] {standard_task_runner.py:54} INFO - Started process 2439 to run task
[2023-07-22T16:33:06.784+0000] {standard_task_runner.py:82} INFO - Running: ['***', 'tasks', 'run', 'BigC_assignment', 'step_1_insert_data', 'manual__2023-07-22T16:15:06.846029+00:00', '--job-id', '10', '--raw', '--subdir', 'DAGS_FOLDER/bigc_assignment_pipeline.py', '--cfg-path', '/tmp/tmpll3v3vdx']
[2023-07-22T16:33:06.786+0000] {standard_task_runner.py:83} INFO - Job 10: Subtask step_1_insert_data
[2023-07-22T16:33:06.788+0000] {dagbag.py:525} INFO - Filling up the DagBag from /opt/***/dags/bigc_assignment_pipeline.py
[2023-07-22T16:33:07.509+0000] {task_command.py:384} INFO - Running <TaskInstance: BigC_assignment.step_1_insert_data manual__2023-07-22T16:15:06.846029+00:00 [running]> on host b852f19ea805
[2023-07-22T16:33:07.615+0000] {taskinstance.py:1592} INFO - Exporting the following env vars:
AIRFLOW_CTX_DAG_OWNER=Pitchakorn_Prasertmet
AIRFLOW_CTX_DAG_ID=BigC_assignment
AIRFLOW_CTX_TASK_ID=step_1_insert_data
AIRFLOW_CTX_EXECUTION_DATE=2023-07-22T16:15:06.846029+00:00
AIRFLOW_CTX_TRY_NUMBER=2
AIRFLOW_CTX_DAG_RUN_ID=manual__2023-07-22T16:15:06.846029+00:00
[2023-07-22T16:33:07.689+0000] {logging_mixin.py:117} INFO - (1221, 14)
[2023-07-22T16:33:09.628+0000] {logging_mixin.py:117} INFO - finished inserted 1221 records
[2023-07-22T16:33:09.650+0000] {logging_mixin.py:117} INFO - finish remove duplicate
[2023-07-22T16:33:09.655+0000] {python.py:177} INFO - Done. Returned value was: None
[2023-07-22T16:33:09.678+0000] {taskinstance.py:1406} INFO - Marking task as SUCCESS. dag_id=BigC_assignment, task_id=step_1_insert_data, execution_date=20230722T161506, start_date=20230722T163306, end_date=20230722T163309
[2023-07-22T16:33:09.786+0000] {local_task_job.py:164} INFO - Task exited with return code 0
[2023-07-22T16:33:09.839+0000] {local_task_job.py:273} INFO - 0 downstream tasks scheduled from follow-on schedule check
